  Quelle.cpp
c:\users\max\source\repos\opencv_unity_lib\opencv_unity_lib\quelle.cpp(73): warning C4244: "=": Konvertierung von "double" in "float", möglicher Datenverlust
c:\users\max\source\repos\opencv_unity_lib\opencv_unity_lib\quelle.cpp(75): warning C4244: "Argument": Konvertierung von "float" in "_Tp", möglicher Datenverlust
          with
          [
              _Tp=int
          ]
c:\users\max\source\repos\opencv_unity_lib\opencv_unity_lib\quelle.cpp(131): warning C4244: "=": Konvertierung von "_Tp" in "float", möglicher Datenverlust
          with
          [
              _Tp=int
          ]
c:\users\max\source\repos\opencv_unity_lib\opencv_unity_lib\quelle.cpp(132): warning C4244: "=": Konvertierung von "_Tp" in "float", möglicher Datenverlust
          with
          [
              _Tp=int
          ]
c:\users\max\source\repos\opencv_unity_lib\opencv_unity_lib\quelle.cpp(148): warning C4305: "=": Verkürzung von "double" in "_Tp"
          with
          [
              _Tp=float
          ]
c:\users\max\source\repos\opencv_unity_lib\opencv_unity_lib\quelle.cpp(150): warning C4305: "=": Verkürzung von "double" in "_Tp"
          with
          [
              _Tp=float
          ]
c:\users\max\source\repos\opencv_unity_lib\opencv_unity_lib\quelle.cpp(152): warning C4305: "=": Verkürzung von "double" in "_Tp"
          with
          [
              _Tp=float
          ]
c:\users\max\source\repos\opencv_unity_lib\opencv_unity_lib\quelle.cpp(153): warning C4305: "=": Verkürzung von "double" in "_Tp"
          with
          [
              _Tp=float
          ]
c:\users\max\source\repos\opencv_unity_lib\opencv_unity_lib\quelle.cpp(159): warning C4305: "Argument": Verkürzung von "double" in "_Ty"
          with
          [
              _Ty=float
          ]
c:\users\max\source\repos\opencv_unity_lib\opencv_unity_lib\quelle.cpp(160): warning C4305: "Argument": Verkürzung von "double" in "_Ty"
          with
          [
              _Ty=float
          ]
c:\users\max\source\repos\opencv_unity_lib\opencv_unity_lib\quelle.cpp(161): warning C4305: "Argument": Verkürzung von "double" in "_Ty"
          with
          [
              _Ty=float
          ]
c:\users\max\source\repos\opencv_unity_lib\opencv_unity_lib\quelle.cpp(162): warning C4305: "Argument": Verkürzung von "double" in "_Ty"
          with
          [
              _Ty=float
          ]
c:\users\max\source\repos\opencv_unity_lib\opencv_unity_lib\quelle.cpp(163): warning C4305: "Argument": Verkürzung von "double" in "_Ty"
          with
          [
              _Ty=float
          ]
     Bibliothek "C:\Users\Max\source\repos\OpenCV_Unity_Lib\x64\Release\OpenCV_Unity_Lib.lib" und Objekt "C:\Users\Max\source\repos\OpenCV_Unity_Lib\x64\Release\OpenCV_Unity_Lib.exp" werden erstellt.
  Code wird generiert.
  3 of 583 functions ( 0.5%) were compiled, the rest were copied from previous compilation.
    1 functions were new in current compilation
    70 functions had inline decision re-evaluated but remain unchanged
  Codegenerierung ist abgeschlossen.
  OpenCV_Unity_Lib.vcxproj -> C:\Users\Max\source\repos\OpenCV_Unity_Lib\x64\Release\OpenCV_Unity_Lib.dll
